Building DAG of jobs...
Provided cores: 16
Rules claiming more threads will be scaled down.
Job stats:
job        count
-------  -------
all            1
plot           1
process        1
total          3

Select jobs to execute...
Execute 1 jobs...

[Wed Aug  7 12:24:59 2024]
localrule process:
    input: input/df_grouped_byPlateandPertype.csv
    output: output/new.csv
    jobid: 1
    reason: Missing output files: output/new.csv
    resources: tmpdir=C:\Users\ssivagur\AppData\Local\Temp

[Wed Aug  7 12:25:01 2024]
Finished job 1.
1 of 3 steps (33%) done
Select jobs to execute...
Execute 1 jobs...

[Wed Aug  7 12:25:01 2024]
localrule plot:
    input: output/new.csv
    output: output/SecCSV.csv
    jobid: 2
    reason: Missing output files: output/SecCSV.csv; Input files updated by another job: output/new.csv
    resources: tmpdir=C:\Users\ssivagur\AppData\Local\Temp

[Wed Aug  7 12:25:04 2024]
Finished job 2.
2 of 3 steps (67%) done
Select jobs to execute...
Execute 1 jobs...

[Wed Aug  7 12:25:04 2024]
localrule all:
    input: output/new.csv, output/SecCSV.csv
    jobid: 0
    reason: Input files updated by another job: output/SecCSV.csv, output/new.csv
    resources: tmpdir=C:\Users\ssivagur\AppData\Local\Temp

[Wed Aug  7 12:25:04 2024]
Finished job 0.
3 of 3 steps (100%) done
Complete log: .snakemake\log\2024-08-07T122459.409941.snakemake.log
