Building DAG of jobs...
Provided cores: 16
Rules claiming more threads will be scaled down.
Job stats:
job        count
-------  -------
all            1
binary         1
plot           1
process        1
total          4

Select jobs to execute...
Execute 2 jobs...

[Wed Aug  7 15:41:56 2024]
localrule binary:
    input: input/RPE.tif
    output: output/binary.png
    jobid: 3
    reason: Missing output files: output/binary.png
    resources: tmpdir=C:\Users\ssivagur\AppData\Local\Temp

[Wed Aug  7 15:41:56 2024]
localrule process:
    input: input/df_grouped_byPlateandPertype.csv
    output: output/new.csv
    jobid: 1
    reason: Missing output files: output/new.csv
    resources: tmpdir=C:\Users\ssivagur\AppData\Local\Temp

[Wed Aug  7 15:41:58 2024]
Finished job 1.
1 of 4 steps (25%) done
Select jobs to execute...
Execute 1 jobs...

[Wed Aug  7 15:41:58 2024]
localrule plot:
    input: output/new.csv
    output: output/SecCSV.csv
    jobid: 2
    reason: Missing output files: output/SecCSV.csv; Input files updated by another job: output/new.csv
    resources: tmpdir=C:\Users\ssivagur\AppData\Local\Temp

[Wed Aug  7 15:41:58 2024]
Finished job 3.
2 of 4 steps (50%) done
[Wed Aug  7 15:42:01 2024]
Finished job 2.
3 of 4 steps (75%) done
Select jobs to execute...
Execute 1 jobs...

[Wed Aug  7 15:42:01 2024]
localrule all:
    input: output/new.csv, output/SecCSV.csv, output/binary.png
    jobid: 0
    reason: Input files updated by another job: output/binary.png, output/new.csv, output/SecCSV.csv
    resources: tmpdir=C:\Users\ssivagur\AppData\Local\Temp

[Wed Aug  7 15:42:01 2024]
Finished job 0.
4 of 4 steps (100%) done
Complete log: .snakemake\log\2024-08-07T154156.151176.snakemake.log
