Building DAG of jobs...
Provided cores: 16
Rules claiming more threads will be scaled down.
Job stats:
job        count
-------  -------
all            1
process        1
total          2

Select jobs to execute...
Execute 1 jobs...

[Mon Aug  5 21:03:55 2024]
localrule process:
    input: input/df_grouped_byPlateandPertype.csv
    output: output/new.csv
    jobid: 1
    reason: Missing output files: output/new.csv
    resources: tmpdir=C:\Users\ssivagur\AppData\Local\Temp

[Mon Aug  5 21:03:56 2024]
Finished job 1.
1 of 2 steps (50%) done
Select jobs to execute...
Execute 1 jobs...

[Mon Aug  5 21:03:56 2024]
localrule all:
    input: output/new.csv
    jobid: 0
    reason: Input files updated by another job: output/new.csv
    resources: tmpdir=C:\Users\ssivagur\AppData\Local\Temp

[Mon Aug  5 21:03:56 2024]
Finished job 0.
2 of 2 steps (100%) done
Complete log: .snakemake\log\2024-08-05T210355.766848.snakemake.log
