Building DAG of jobs...
File path 'output
ew.csv' contains line break. This is likely unintended. It can also lead to inconsistent results of the file-matching approach used by Snakemake.
File path 'output
ew.csv' contains line break. This is likely unintended. It can also lead to inconsistent results of the file-matching approach used by Snakemake.
Provided cores: 16
Rules claiming more threads will be scaled down.
Job stats:
job        count
-------  -------
all            1
process        1
total          2

Select jobs to execute...
Execute 1 jobs...

[Thu Aug  1 21:27:55 2024]
localrule process:
    input: input/df_grouped_byPlateandPertype.csv
    output: output
ew.csv
    jobid: 1
    reason: Missing output files: output
ew.csv
    resources: tmpdir=C:\Users\ssivagur\AppData\Local\Temp

Traceback (most recent call last):

  File "C:\Users\ssivagur\Anaconda3\envs\snakemake\Lib\site-packages\snakemake\cli.py", line 2103, in args_to_api
    dag_api.execute_workflow(

  File "C:\Users\ssivagur\Anaconda3\envs\snakemake\Lib\site-packages\snakemake\api.py", line 594, in execute_workflow
    workflow.execute(

  File "C:\Users\ssivagur\Anaconda3\envs\snakemake\Lib\site-packages\snakemake\workflow.py", line 1248, in execute
    raise e

  File "C:\Users\ssivagur\Anaconda3\envs\snakemake\Lib\site-packages\snakemake\workflow.py", line 1244, in execute
    success = self.scheduler.schedule()
              ^^^^^^^^^^^^^^^^^^^^^^^^^

  File "C:\Users\ssivagur\Anaconda3\envs\snakemake\Lib\site-packages\snakemake\scheduler.py", line 313, in schedule
    self.run(

  File "C:\Users\ssivagur\Anaconda3\envs\snakemake\Lib\site-packages\snakemake\scheduler.py", line 406, in run
    executor.run_jobs(jobs)

  File "C:\Users\ssivagur\Anaconda3\envs\snakemake\Lib\site-packages\snakemake_interface_executor_plugins\executors\base.py", line 72, in run_jobs
    self.run_job(job)

  File "C:\Users\ssivagur\Anaconda3\envs\snakemake\Lib\site-packages\snakemake\executors\local.py", line 106, in run_job
    future = self.run_single_job(job)
             ^^^^^^^^^^^^^^^^^^^^^^^^

  File "C:\Users\ssivagur\Anaconda3\envs\snakemake\Lib\site-packages\snakemake\executors\local.py", line 182, in run_single_job
    self.cached_or_run, job, run_wrapper, *self.job_args_and_prepare(job)
                                           ^^^^^^^^^^^^^^^^^^^^^^^^^^^^^^

  File "C:\Users\ssivagur\Anaconda3\envs\snakemake\Lib\site-packages\snakemake\executors\local.py", line 114, in job_args_and_prepare
    async_run(job.prepare())

  File "C:\Users\ssivagur\Anaconda3\envs\snakemake\Lib\site-packages\snakemake\common\__init__.py", line 94, in async_run
    return asyncio.run(coroutine)
           ^^^^^^^^^^^^^^^^^^^^^^

  File "C:\Users\ssivagur\Anaconda3\envs\snakemake\Lib\asyncio\runners.py", line 194, in run
    return runner.run(main)
           ^^^^^^^^^^^^^^^^

  File "C:\Users\ssivagur\Anaconda3\envs\snakemake\Lib\asyncio\runners.py", line 118, in run
    return self._loop.run_until_complete(task)
           ^^^^^^^^^^^^^^^^^^^^^^^^^^^^^^^^^^^

  File "C:\Users\ssivagur\Anaconda3\envs\snakemake\Lib\asyncio\base_events.py", line 687, in run_until_complete
    return future.result()
           ^^^^^^^^^^^^^^^

  File "C:\Users\ssivagur\Anaconda3\envs\snakemake\Lib\site-packages\snakemake\jobs.py", line 794, in prepare
    await self.remove_existing_output()

  File "C:\Users\ssivagur\Anaconda3\envs\snakemake\Lib\site-packages\snakemake\jobs.py", line 764, in remove_existing_output
    await f.remove(remove_non_empty_dir=False)

  File "C:\Users\ssivagur\Anaconda3\envs\snakemake\Lib\site-packages\snakemake\io.py", line 711, in remove
    await remove(

  File "C:\Users\ssivagur\Anaconda3\envs\snakemake\Lib\site-packages\snakemake\io.py", line 1026, in remove
    os.remove(file)

OSError: [WinError 123] The filename, directory name, or volume label syntax is incorrect: 'output\new.csv'

