Building DAG of jobs...
Provided cores: 16
Rules claiming more threads will be scaled down.
Job stats:
job        count
-------  -------
process        1
total          1

Select jobs to execute...
Execute 1 jobs...

[Tue Aug  6 22:06:37 2024]
localrule process:
    input: input/df_grouped_byPlateandPertype.csv
    output: output/df_grouped_byPlateandPertype.csv
    jobid: 0
    reason: Missing output files: output/df_grouped_byPlateandPertype.csv
    resources: tmpdir=C:\Users\ssivagur\AppData\Local\Temp

[Tue Aug  6 22:06:37 2024]
Error in rule process:
    jobid: 0
    input: input/df_grouped_byPlateandPertype.csv
    output: output/df_grouped_byPlateandPertype.csv
    shell:
        cp input/df_grouped_byPlateandPertype.csv output/df_grouped_byPlateandPertype.csv
        (one of the commands exited with non-zero exit code; note that snakemake uses bash strict mode!)

Shutting down, this might take some time.
Exiting because a job execution failed. Look above for error message
Complete log: .snakemake\log\2024-08-06T220637.061876.snakemake.log
WorkflowError:
At least one job did not complete successfully.
