Building DAG of jobs...
Provided cores: 16
Rules claiming more threads will be scaled down.
Job stats:
job      count
-----  -------
all          1
total        1

Select jobs to execute...
Execute 1 jobs...

[Wed Aug  7 12:31:10 2024]
localrule all:
    input: output/new.csv, output/SecCSV.csv
    jobid: 0
    reason: Forced execution
    resources: tmpdir=C:\Users\ssivagur\AppData\Local\Temp

[Wed Aug  7 12:31:10 2024]
Finished job 0.
1 of 1 steps (100%) done
Complete log: .snakemake\log\2024-08-07T123110.416192.snakemake.log
