Building DAG of jobs...
Provided cores: 16
Rules claiming more threads will be scaled down.
Job stats:
job      count
-----  -------
all          1
total        1

Select jobs to execute...
Execute 1 jobs...

[Thu Aug  1 21:03:13 2024]
localrule all:
    input: input/df_grouped_byPlateandPertype.csv
    output: output/new.csv
    jobid: 0
    reason: Missing output files: output/new.csv
    resources: tmpdir=C:\Users\ssivagur\AppData\Local\Temp

RuleException:
AttributeError in file C:\Users\ssivagur\Documents\snakemake_test\Snakefile, line 9:
module 'code' has no attribute 'test'
  File "C:\Users\ssivagur\Documents\snakemake_test\Snakefile", line 9, in __rule_all
[Thu Aug  1 21:03:13 2024]
Error in rule all:
    jobid: 0
    input: input/df_grouped_byPlateandPertype.csv
    output: output/new.csv

Shutting down, this might take some time.
Exiting because a job execution failed. Look above for error message
Complete log: .snakemake\log\2024-08-01T210313.753693.snakemake.log
WorkflowError:
At least one job did not complete successfully.
