Building DAG of jobs...
Provided cores: 16
Rules claiming more threads will be scaled down.
Job stats:
job      count
-----  -------
all          1
plot         1
total        2

Select jobs to execute...
Execute 1 jobs...

[Mon Aug  5 23:12:16 2024]
localrule plot:
    input: output/new.csv
    output: output/SecCSV.csv
    jobid: 2
    reason: Missing output files: output/SecCSV.csv
    resources: tmpdir=C:\Users\ssivagur\AppData\Local\Temp

[Mon Aug  5 23:12:18 2024]
Finished job 2.
1 of 2 steps (50%) done
Select jobs to execute...
Execute 1 jobs...

[Mon Aug  5 23:12:18 2024]
localrule all:
    input: output/new.csv, output/SecCSV.csv
    jobid: 0
    reason: Input files updated by another job: output/SecCSV.csv
    resources: tmpdir=C:\Users\ssivagur\AppData\Local\Temp

[Mon Aug  5 23:12:18 2024]
Finished job 0.
2 of 2 steps (100%) done
Complete log: .snakemake\log\2024-08-05T231216.847168.snakemake.log
