Building DAG of jobs...
Provided cores: 16
Rules claiming more threads will be scaled down.
Conda environments: ignored
Job stats:
job       count
------  -------
binary        1
total         1

Select jobs to execute...
Execute 1 jobs...

[Wed Aug  7 12:58:35 2024]
localrule binary:
    input: input/RPE.tif
    output: output/binary.png
    jobid: 0
    reason: Missing output files: output/binary.png
    resources: tmpdir=C:\Users\ssivagur\AppData\Local\Temp

RuleException:
CalledProcessError in file C:\Users\ssivagur\Documents\snakemake_test\Snakefile_conda, line 9:
Command 'C:/Users/ssivagur/Anaconda3/envs/snakemake/python.exe "C:\Users\ssivagur\Documents\snakemake_test\.snakemake\scripts\tmpk3hkbmhd.ForDocker.py"' returned non-zero exit status 1.
[Wed Aug  7 12:58:35 2024]
Error in rule binary:
    jobid: 0
    input: input/RPE.tif
    output: output/binary.png
    conda-env: C:\Users\ssivagur\Documents\snakemake_test\.snakemake\conda\5e1870e8c83cbc64e38747d6aa996d35_

Shutting down, this might take some time.
Exiting because a job execution failed. Look above for error message
Complete log: .snakemake\log\2024-08-07T125835.056593.snakemake.log
WorkflowError:
At least one job did not complete successfully.
