Building DAG of jobs...
Provided cores: 16
Rules claiming more threads will be scaled down.
Job stats:
job       count
------  -------
all           1
binary        1
total         2

Select jobs to execute...
Execute 1 jobs...

[Wed Aug  7 12:50:51 2024]
localrule binary:
    input: input/RPE.tif
    output: output/binary.png
    jobid: 3
    reason: Missing output files: output/binary.png
    resources: tmpdir=C:\Users\ssivagur\AppData\Local\Temp

[Wed Aug  7 12:50:52 2024]
Finished job 3.
1 of 2 steps (50%) done
Select jobs to execute...
Execute 1 jobs...

[Wed Aug  7 12:50:52 2024]
localrule all:
    input: output/new.csv, output/SecCSV.csv, output/binary.png
    jobid: 0
    reason: Input files updated by another job: output/binary.png
    resources: tmpdir=C:\Users\ssivagur\AppData\Local\Temp

[Wed Aug  7 12:50:52 2024]
Finished job 0.
2 of 2 steps (100%) done
Complete log: .snakemake\log\2024-08-07T125051.336343.snakemake.log
